This is pdfTeX, Version 3.141592653-2.6-1.40.24 (TeX Live 2022/Debian) (preloaded format=pdflatex 2023.7.5)  21 AUG 2023 17:38
entering extended mode
 \write18 enabled.
 %&-line parsing enabled.
**samplepaper.tex
(./samplepaper.tex
LaTeX2e <2022-11-01> patch level 1
L3 programming layer <2023-01-16> (./llncs.cls
Document Class: llncs 2022/09/05 v2.22 
 LaTeX document class for Lecture Notes in Computer Science
(/usr/share/texlive/texmf-dist/tex/latex/base/article.cls
Document Class: article 2022/07/02 v1.4n Standard LaTeX document class
(/usr/share/texlive/texmf-dist/tex/latex/base/size10.clo
File: size10.clo 2022/07/02 v1.4n Standard LaTeX file (size option)
)
\c@part=\count185
\c@section=\count186
\c@subsection=\count187
\c@subsubsection=\count188
\c@paragraph=\count189
\c@subparagraph=\count190
\c@figure=\count191
\c@table=\count192
\abovecaptionskip=\skip48
\belowcaptionskip=\skip49
\bibindent=\dimen140
)
(/usr/share/texlive/texmf-dist/tex/latex/tools/multicol.sty
Package: multicol 2021/11/30 v1.9d multicolumn formatting (FMi)
\c@tracingmulticols=\count193
\mult@box=\box51
\multicol@leftmargin=\dimen141
\c@unbalance=\count194
\c@collectmore=\count195
\doublecol@number=\count196
\multicoltolerance=\count197
\multicolpretolerance=\count198
\full@width=\dimen142
\page@free=\dimen143
\premulticols=\dimen144
\postmulticols=\dimen145
\multicolsep=\skip50
\multicolbaselineskip=\skip51
\partial@page=\box52
\last@line=\box53
\maxbalancingoverflow=\dimen146
\mult@rightbox=\box54
\mult@grightbox=\box55
\mult@firstbox=\box56
\mult@gfirstbox=\box57
\@tempa=\box58
\@tempa=\box59
\@tempa=\box60
\@tempa=\box61
\@tempa=\box62
\@tempa=\box63
\@tempa=\box64
\@tempa=\box65
\@tempa=\box66
\@tempa=\box67
\@tempa=\box68
\@tempa=\box69
\@tempa=\box70
\@tempa=\box71
\@tempa=\box72
\@tempa=\box73
\@tempa=\box74
\@tempa=\box75
\@tempa=\box76
\@tempa=\box77
\@tempa=\box78
\@tempa=\box79
\@tempa=\box80
\@tempa=\box81
\@tempa=\box82
\@tempa=\box83
\@tempa=\box84
\@tempa=\box85
\@tempa=\box86
\@tempa=\box87
\@tempa=\box88
\@tempa=\box89
\@tempa=\box90
\@tempa=\box91
\@tempa=\box92
\@tempa=\box93
\c@minrows=\count199
\c@columnbadness=\count266
\c@finalcolumnbadness=\count267
\last@try=\dimen147
\multicolovershoot=\dimen148
\multicolundershoot=\dimen149
\mult@nat@firstbox=\box94
\colbreak@box=\box95
\mc@col@check@num=\count268
)
(/usr/share/texlive/texmf-dist/tex/latex/oberdiek/aliascnt.sty
Package: aliascnt 2018/09/07 v1.5 Alias counters (HO)
)
\c@chapter=\count269
LaTeX Font Info:    Redeclaring math symbol \Gamma on input line 362.
LaTeX Font Info:    Redeclaring math symbol \Delta on input line 363.
LaTeX Font Info:    Redeclaring math symbol \Theta on input line 364.
LaTeX Font Info:    Redeclaring math symbol \Lambda on input line 365.
LaTeX Font Info:    Redeclaring math symbol \Xi on input line 366.
LaTeX Font Info:    Redeclaring math symbol \Pi on input line 367.
LaTeX Font Info:    Redeclaring math symbol \Sigma on input line 368.
LaTeX Font Info:    Redeclaring math symbol \Upsilon on input line 369.
LaTeX Font Info:    Redeclaring math symbol \Phi on input line 370.
LaTeX Font Info:    Redeclaring math symbol \Psi on input line 371.
LaTeX Font Info:    Redeclaring math symbol \Omega on input line 372.
LaTeX Info: Redefining \vec on input line 377.
\tocchpnum=\dimen150
\tocsecnum=\dimen151
\tocsectotal=\dimen152
\tocsubsecnum=\dimen153
\tocsubsectotal=\dimen154
\tocsubsubsecnum=\dimen155
\tocsubsubsectotal=\dimen156
\tocparanum=\dimen157
\tocparatotal=\dimen158
\tocsubparanum=\dimen159
\@tempcntc=\count270
\fnindent=\dimen160
\c@@inst=\count271
\c@@auth=\count272
\c@auco=\count273
\instindent=\dimen161
\authrun=\box96
\authorrunning=\toks16
\tocauthor=\toks17
\titrun=\box97
\titlerunning=\toks18
\toctitle=\toks19
\c@theorem=\count274
\c@case=\count275
\c@conjecture=\count276
\c@corollary=\count277
\c@definition=\count278
\c@example=\count279
\c@exercise=\count280
\c@lemma=\count281
\c@note=\count282
\c@problem=\count283
\c@property=\count284
\c@proposition=\count285
\c@question=\count286
\c@solution=\count287
\c@remark=\count288
\headlineindent=\dimen162
)
(/usr/share/texlive/texmf-dist/tex/latex/base/fontenc.sty
Package: fontenc 2021/04/29 v2.0v Standard LaTeX package
)
(/usr/share/texlive/texmf-dist/tex/latex/graphics/graphicx.sty
Package: graphicx 2021/09/16 v1.2d Enhanced LaTeX Graphics (DPC,SPQR)

(/usr/share/texlive/texmf-dist/tex/latex/graphics/keyval.sty
Package: keyval 2022/05/29 v1.15 key=value parser (DPC)
\KV@toks@=\toks20
)
(/usr/share/texlive/texmf-dist/tex/latex/graphics/graphics.sty
Package: graphics 2022/03/10 v1.4e Standard LaTeX Graphics (DPC,SPQR)

(/usr/share/texlive/texmf-dist/tex/latex/graphics/trig.sty
Package: trig 2021/08/11 v1.11 sin cos tan (DPC)
)
(/usr/share/texlive/texmf-dist/tex/latex/graphics-cfg/graphics.cfg
File: graphics.cfg 2016/06/04 v1.11 sample graphics configuration
)
Package graphics Info: Driver file: pdftex.def on input line 107.

(/usr/share/texlive/texmf-dist/tex/latex/graphics-def/pdftex.def
File: pdftex.def 2022/09/22 v1.2b Graphics/color driver for pdftex
))
\Gin@req@height=\dimen163
\Gin@req@width=\dimen164
)
(/usr/share/texlive/texmf-dist/tex/latex/l3backend/l3backend-pdftex.def
File: l3backend-pdftex.def 2023-01-16 L3 backend support: PDF output (pdfTeX)
\l__color_backend_stack_int=\count289
\l__pdf_internal_box=\box98
)
(target/samplepaper.aux)
\openout1 = `samplepaper.aux'.

LaTeX Font Info:    Checking defaults for OML/cmm/m/it on input line 21.
LaTeX Font Info:    ... okay on input line 21.
LaTeX Font Info:    Checking defaults for OMS/cmsy/m/n on input line 21.
LaTeX Font Info:    ... okay on input line 21.
LaTeX Font Info:    Checking defaults for OT1/cmr/m/n on input line 21.
LaTeX Font Info:    ... okay on input line 21.
LaTeX Font Info:    Checking defaults for T1/cmr/m/n on input line 21.
LaTeX Font Info:    ... okay on input line 21.
LaTeX Font Info:    Checking defaults for TS1/cmr/m/n on input line 21.
LaTeX Font Info:    ... okay on input line 21.
LaTeX Font Info:    Checking defaults for OMX/cmex/m/n on input line 21.
LaTeX Font Info:    ... okay on input line 21.
LaTeX Font Info:    Checking defaults for U/cmr/m/n on input line 21.
LaTeX Font Info:    ... okay on input line 21.

(/usr/share/texlive/texmf-dist/tex/context/base/mkii/supp-pdf.mkii
[Loading MPS to PDF converter (version 2006.09.02).]
\scratchcounter=\count290
\scratchdimen=\dimen165
\scratchbox=\box99
\nofMPsegments=\count291
\nofMParguments=\count292
\everyMPshowfont=\toks21
\MPscratchCnt=\count293
\MPscratchDim=\dimen166
\MPnumerator=\count294
\makeMPintoPDFobject=\count295
\everyMPtoPDFconversion=\toks22
) (/usr/share/texlive/texmf-dist/tex/latex/epstopdf-pkg/epstopdf-base.sty
Package: epstopdf-base 2020-01-24 v2.11 Base part for package epstopdf
Package epstopdf-base Info: Redefining graphics rule for `.eps' on input line 4
85.

(/usr/share/texlive/texmf-dist/tex/latex/latexconfig/epstopdf-sys.cfg
File: epstopdf-sys.cfg 2010/07/13 v1.3 Configuration of (r)epstopdf for TeX Liv
e
))
LaTeX Font Info:    External font `cmex10' loaded for size
(Font)              <14.4> on input line 44.
LaTeX Font Info:    External font `cmex10' loaded for size
(Font)              <7> on input line 44.
LaTeX Font Info:    External font `cmex10' loaded for size
(Font)              <5> on input line 44.
LaTeX Font Info:    External font `cmex10' loaded for size
(Font)              <9> on input line 44.
LaTeX Font Info:    External font `cmex10' loaded for size
(Font)              <6> on input line 44.
LaTeX Font Info:    Trying to load font information for T1+cmtt on input line 4
4.

(/usr/share/texlive/texmf-dist/tex/latex/base/t1cmtt.fd
File: t1cmtt.fd 2022/07/10 v2.5l Standard LaTeX font definitions
) [1

{/var/lib/texmf/fonts/map/pdftex/updmap/pdftex.map}]
Package epstopdf Info: Source file: <fig1.eps>
(epstopdf)                    date: 2017-10-04 10:21:14
(epstopdf)                    size: 357553 bytes
(epstopdf)             Output file: <fig1-eps-converted-to.pdf>
(epstopdf)                    date: 2023-08-21 17:38:29
(epstopdf)                    size: 26208 bytes
(epstopdf)             Command: <repstopdf --outfile=fig1-eps-converted-to.pdf 
fig1.eps>
(epstopdf)             \includegraphics on input line 98.
Package epstopdf Info: Output file is already uptodate.
<fig1-eps-converted-to.pdf, id=22, 345.29pt x 142.5325pt>
File: fig1-eps-converted-to.pdf Graphic file (type pdf)
<use fig1-eps-converted-to.pdf>
Package pdftex.def Info: fig1-eps-converted-to.pdf  used on input line 98.
(pdftex.def)             Requested size: 347.12354pt x 143.29115pt.
 [2 <./fig1-eps-converted-to.pdf>] [3]
(target/samplepaper.aux) ) 
Here is how much of TeX's memory you used:
 2065 strings out of 476091
 31107 string characters out of 5794082
 1858330 words of memory out of 5000000
 22447 multiletter control sequences out of 15000+600000
 526738 words of font info for 63 fonts, out of 8000000 for 9000
 1141 hyphenation exceptions out of 8191
 57i,9n,62p,311b,306s stack positions out of 10000i,1000n,20000p,200000b,200000s
{/usr/share/texmf/fonts/enc/dvips/cm-super/cm-super-t
1.enc}{/usr/share/texmf/fonts/enc/dvips/cm-super/cm-super-ts1.enc}</usr/share/t
exlive/texmf-dist/fonts/type1/public/amsfonts/cm/cmmi10.pfb></usr/share/texlive
/texmf-dist/fonts/type1/public/amsfonts/cm/cmmi6.pfb></usr/share/texlive/texmf-
dist/fonts/type1/public/amsfonts/cm/cmmi7.pfb></usr/share/texlive/texmf-dist/fo
nts/type1/public/amsfonts/cm/cmmib10.pfb></usr/share/texlive/texmf-dist/fonts/t
ype1/public/amsfonts/cm/cmr10.pfb></usr/share/texlive/texmf-dist/fonts/type1/pu
blic/amsfonts/cm/cmr6.pfb></usr/share/texlive/texmf-dist/fonts/type1/public/ams
fonts/cm/cmr7.pfb></usr/share/texlive/texmf-dist/fonts/type1/public/amsfonts/cm
/cmsy7.pfb></usr/share/texmf/fonts/type1/public/cm-super/sfbx0900.pfb></usr/sha
re/texmf/fonts/type1/public/cm-super/sfbx1000.pfb></usr/share/texmf/fonts/type1
/public/cm-super/sfbx1200.pfb></usr/share/texmf/fonts/type1/public/cm-super/sfb
x1440.pfb></usr/share/texmf/fonts/type1/public/cm-super/sfrm0900.pfb></usr/shar
e/texmf/fonts/type1/public/cm-super/sfrm1000.pfb></usr/share/texmf/fonts/type1/
public/cm-super/sfti0900.pfb></usr/share/texmf/fonts/type1/public/cm-super/sfti
1000.pfb></usr/share/texmf/fonts/type1/public/cm-super/sftt0900.pfb>
Output written on target/samplepaper.pdf (3 pages, 276860 bytes).
PDF statistics:
 116 PDF objects out of 1000 (max. 8388607)
 70 compressed objects within 1 object stream
 0 named destinations out of 1000 (max. 500000)
 6 words of extra memory for PDF output out of 10000 (max. 10000000)

